c:\users\traildev\documents\github\retrowork\construct compile\ide\debug\construct.pch
c:\users\traildev\documents\github\retrowork\construct compile\ide\debug\vc142.pdb
c:\users\traildev\documents\github\retrowork\construct compile\ide\debug\vc142.idb
c:\users\traildev\documents\github\retrowork\construct compile\ide\debug\stdafx.sbr
c:\users\traildev\documents\github\retrowork\construct compile\ide\debug\stdafx.obj
c:\users\traildev\documents\github\retrowork\construct compile\ide\debug\zip.sbr
c:\users\traildev\documents\github\retrowork\construct compile\ide\debug\webgrab.sbr
c:\users\traildev\documents\github\retrowork\construct compile\ide\debug\wavefile.sbr
c:\users\traildev\documents\github\retrowork\construct compile\ide\debug\undo.sbr
c:\users\traildev\documents\github\retrowork\construct compile\ide\debug\token.sbr
c:\users\traildev\documents\github\retrowork\construct compile\ide\debug\splittercontrol.sbr
c:\users\traildev\documents\github\retrowork\construct compile\ide\debug\toolsettings.sbr
c:\users\traildev\documents\github\retrowork\construct compile\ide\debug\palettewnd.sbr
c:\users\traildev\documents\github\retrowork\construct compile\ide\debug\palettedlg.sbr
c:\users\traildev\documents\github\retrowork\construct compile\ide\debug\colormixer.sbr
c:\users\traildev\documents\github\retrowork\construct compile\ide\debug\colorchooser.sbr
c:\users\traildev\documents\github\retrowork\construct compile\ide\debug\mp3.sbr
c:\users\traildev\documents\github\retrowork\construct compile\ide\debug\miscfunc.sbr
c:\users\traildev\documents\github\retrowork\construct compile\ide\debug\ini.sbr
c:\users\traildev\documents\github\retrowork\construct compile\ide\debug\helper.sbr
c:\users\traildev\documents\github\retrowork\construct compile\ide\debug\fecfiledialog.sbr
c:\users\traildev\documents\github\retrowork\construct compile\ide\debug\ddmgr.sbr
c:\users\traildev\documents\github\retrowork\construct compile\ide\debug\cxaudio2.sbr
c:\users\traildev\documents\github\retrowork\construct compile\ide\debug\cwebupdate.sbr
c:\users\traildev\documents\github\retrowork\construct compile\ide\debug\cgfiltyp.sbr
c:\users\traildev\documents\github\retrowork\construct compile\ide\debug\cgfiltyp.obj
c:\users\traildev\documents\github\retrowork\construct compile\ide\debug\cwebupdate.obj
c:\users\traildev\documents\github\retrowork\construct compile\ide\debug\ddmgr.obj
c:\users\traildev\documents\github\retrowork\construct compile\ide\debug\fecfiledialog.obj
c:\users\traildev\documents\github\retrowork\construct compile\ide\debug\helper.obj
c:\users\traildev\documents\github\retrowork\construct compile\ide\debug\ini.obj
c:\users\traildev\documents\github\retrowork\construct compile\ide\debug\miscfunc.obj
c:\users\traildev\documents\github\retrowork\construct compile\ide\debug\mp3.obj
c:\users\traildev\documents\github\retrowork\construct compile\ide\debug\colorchooser.obj
c:\users\traildev\documents\github\retrowork\construct compile\ide\debug\colormixer.obj
c:\users\traildev\documents\github\retrowork\construct compile\ide\debug\palettedlg.obj
c:\users\traildev\documents\github\retrowork\construct compile\ide\debug\palettewnd.obj
c:\users\traildev\documents\github\retrowork\construct compile\ide\debug\toolsettings.obj
c:\users\traildev\documents\github\retrowork\construct compile\ide\debug\splittercontrol.obj
c:\users\traildev\documents\github\retrowork\construct compile\ide\debug\token.obj
c:\users\traildev\documents\github\retrowork\construct compile\ide\debug\webgrab.obj
c:\users\traildev\documents\github\retrowork\construct compile\ide\debug\xlistctrl.sbr
c:\users\traildev\documents\github\retrowork\construct compile\ide\debug\xheaderctrl.sbr
c:\users\traildev\documents\github\retrowork\construct compile\ide\debug\xedit.sbr
c:\users\traildev\documents\github\retrowork\construct compile\ide\debug\xcombolist.sbr
c:\users\traildev\documents\github\retrowork\construct compile\ide\debug\xcombo.sbr
c:\users\traildev\documents\github\retrowork\construct compile\ide\debug\dropscrollbar.sbr
c:\users\traildev\documents\github\retrowork\construct compile\ide\debug\droplistbox.sbr
c:\users\traildev\documents\github\retrowork\construct compile\ide\debug\advcomboedit.sbr
c:\users\traildev\documents\github\retrowork\construct compile\ide\debug\xhtmltree.sbr
c:\users\traildev\documents\github\retrowork\construct compile\ide\debug\xhtmldrawlink.sbr
c:\users\traildev\documents\github\retrowork\construct compile\ide\debug\telltalebutton.sbr
c:\users\traildev\documents\github\retrowork\construct compile\ide\debug\stackedwndctrl.sbr
c:\users\traildev\documents\github\retrowork\construct compile\ide\debug\settingsdlg.sbr
c:\users\traildev\documents\github\retrowork\construct compile\ide\debug\prefsstatic.sbr
c:\users\traildev\documents\github\retrowork\construct compile\ide\debug\autosaveoptions.sbr
c:\users\traildev\documents\github\retrowork\construct compile\ide\debug\paramscintilla.sbr
c:\users\traildev\documents\github\retrowork\construct compile\ide\debug\paramscintilla.obj
c:\users\traildev\documents\github\retrowork\construct compile\ide\debug\autosaveoptions.obj
c:\users\traildev\documents\github\retrowork\construct compile\ide\debug\prefsstatic.obj
c:\users\traildev\documents\github\retrowork\construct compile\ide\debug\settingsdlg.obj
c:\users\traildev\documents\github\retrowork\construct compile\ide\debug\telltalebutton.obj
c:\users\traildev\documents\github\retrowork\construct compile\ide\debug\xhtmldrawlink.obj
c:\users\traildev\documents\github\retrowork\construct compile\ide\debug\xhtmltree.obj
c:\users\traildev\documents\github\retrowork\construct compile\ide\debug\advcomboedit.obj
c:\users\traildev\documents\github\retrowork\construct compile\ide\debug\droplistbox.obj
c:\users\traildev\documents\github\retrowork\construct compile\ide\debug\dropscrollbar.obj
c:\users\traildev\documents\github\retrowork\construct compile\ide\debug\xcombo.obj
c:\users\traildev\documents\github\retrowork\construct compile\ide\debug\xcombolist.obj
c:\users\traildev\documents\github\retrowork\construct compile\ide\debug\xedit.obj
c:\users\traildev\documents\github\retrowork\construct compile\ide\debug\xheaderctrl.obj
c:\users\traildev\documents\github\retrowork\construct compile\ide\debug\xlistctrl.obj
c:\users\traildev\documents\github\retrowork\construct compile\ide\debug\mfxwhlpan.sbr
c:\users\traildev\documents\github\retrowork\construct compile\ide\debug\mditabwnd.sbr
c:\users\traildev\documents\github\retrowork\construct compile\ide\debug\jazzuptelltalebutton.sbr
c:\users\traildev\documents\github\retrowork\construct compile\ide\debug\htmlstatic.sbr
c:\users\traildev\documents\github\retrowork\construct compile\ide\debug\htmlfont.sbr
c:\users\traildev\documents\github\retrowork\construct compile\ide\debug\htmldrawer.sbr
c:\users\traildev\documents\github\retrowork\construct compile\ide\debug\htmlatom.sbr
c:\users\traildev\documents\github\retrowork\construct compile\ide\debug\grouplistcontrol.sbr
c:\users\traildev\documents\github\retrowork\construct compile\ide\debug\fontsize.sbr
c:\users\traildev\documents\github\retrowork\construct compile\ide\debug\editspinslider.sbr
c:\users\traildev\documents\github\retrowork\construct compile\ide\debug\ctrlmessagebar.sbr
c:\users\traildev\documents\github\retrowork\construct compile\ide\debug\titletip.sbr
c:\users\traildev\documents\github\retrowork\construct compile\ide\debug\themeutil.sbr
c:\users\traildev\documents\github\retrowork\construct compile\ide\debug\richtooltipctrl.sbr
c:\users\traildev\documents\github\retrowork\construct compile\ide\debug\paramtooltipctrl.sbr
c:\users\traildev\documents\github\retrowork\construct compile\ide\debug\flattooltipctrl.sbr
c:\users\traildev\documents\github\retrowork\construct compile\ide\debug\flatsplitterwnd.sbr
c:\users\traildev\documents\github\retrowork\construct compile\ide\debug\customtabctrl.sbr
c:\users\traildev\documents\github\retrowork\construct compile\ide\debug\captioneditxp.sbr
c:\users\traildev\documents\github\retrowork\construct compile\ide\debug\systemobject.sbr
c:\users\traildev\documents\github\retrowork\construct compile\ide\debug\systemobject.obj
c:\users\traildev\documents\github\retrowork\construct compile\ide\debug\captioneditxp.obj
c:\users\traildev\documents\github\retrowork\construct compile\ide\debug\customtabctrl.obj
c:\users\traildev\documents\github\retrowork\construct compile\ide\debug\flattooltipctrl.obj
c:\users\traildev\documents\github\retrowork\construct compile\ide\debug\paramtooltipctrl.obj
c:\users\traildev\documents\github\retrowork\construct compile\ide\debug\richtooltipctrl.obj
c:\users\traildev\documents\github\retrowork\construct compile\ide\debug\themeutil.obj
c:\users\traildev\documents\github\retrowork\construct compile\ide\debug\titletip.obj
c:\users\traildev\documents\github\retrowork\construct compile\ide\debug\ctrlmessagebar.obj
c:\users\traildev\documents\github\retrowork\construct compile\ide\debug\editspinslider.obj
c:\users\traildev\documents\github\retrowork\construct compile\ide\debug\fontsize.obj
c:\users\traildev\documents\github\retrowork\construct compile\ide\debug\grouplistcontrol.obj
c:\users\traildev\documents\github\retrowork\construct compile\ide\debug\htmlatom.obj
c:\users\traildev\documents\github\retrowork\construct compile\ide\debug\htmlfont.obj
c:\users\traildev\documents\github\retrowork\construct compile\ide\debug\htmlstatic.obj
c:\users\traildev\documents\github\retrowork\construct compile\ide\debug\mfxwhlpan.obj
c:\users\traildev\documents\github\retrowork\construct compile\ide\debug\saveload.sbr
c:\users\traildev\documents\github\retrowork\construct compile\ide\debug\ribbon.sbr
c:\users\traildev\documents\github\retrowork\construct compile\ide\debug\resources.sbr
c:\users\traildev\documents\github\retrowork\construct compile\ide\debug\objectfunctions.sbr
c:\users\traildev\documents\github\retrowork\construct compile\ide\debug\languages.sbr
c:\users\traildev\documents\github\retrowork\construct compile\ide\debug\guipersistence.sbr
c:\users\traildev\documents\github\retrowork\construct compile\ide\debug\export_resources.sbr
c:\users\traildev\documents\github\retrowork\construct compile\ide\debug\export_images.sbr
c:\users\traildev\documents\github\retrowork\construct compile\ide\debug\export_events.sbr
c:\users\traildev\documents\github\retrowork\construct compile\ide\debug\export.sbr
c:\users\traildev\documents\github\retrowork\construct compile\ide\debug\export - python.sbr
c:\users\traildev\documents\github\retrowork\construct compile\ide\debug\export - layout.sbr
c:\users\traildev\documents\github\retrowork\construct compile\ide\debug\export - installer.sbr
c:\users\traildev\documents\github\retrowork\construct compile\ide\debug\ctypechecker.sbr
c:\users\traildev\documents\github\retrowork\construct compile\ide\debug\cobjecttype.sbr
c:\users\traildev\documents\github\retrowork\construct compile\ide\debug\cobject.sbr
c:\users\traildev\documents\github\retrowork\construct compile\ide\debug\clayout.sbr
c:\users\traildev\documents\github\retrowork\construct compile\ide\debug\clayer.sbr
c:\users\traildev\documents\github\retrowork\construct compile\ide\debug\cimageresource.sbr
c:\users\traildev\documents\github\retrowork\construct compile\ide\debug\cfamily.sbr
c:\users\traildev\documents\github\retrowork\construct compile\ide\debug\cfamily.obj
c:\users\traildev\documents\github\retrowork\construct compile\ide\debug\cimageresource.obj
c:\users\traildev\documents\github\retrowork\construct compile\ide\debug\clayer.obj
c:\users\traildev\documents\github\retrowork\construct compile\ide\debug\ctypechecker.obj
c:\users\traildev\documents\github\retrowork\construct compile\ide\debug\languages.obj
c:\users\traildev\documents\github\retrowork\construct compile\ide\debug\cdragobjects.sbr
c:\users\traildev\documents\github\retrowork\construct compile\ide\debug\capplication.sbr
c:\users\traildev\documents\github\retrowork\construct compile\ide\debug\canimation.sbr
c:\users\traildev\documents\github\retrowork\construct compile\ide\debug\mainfrm.sbr
c:\users\traildev\documents\github\retrowork\construct compile\ide\debug\tokenizer.sbr
c:\users\traildev\documents\github\retrowork\construct compile\ide\debug\scintillawnd.sbr
c:\users\traildev\documents\github\retrowork\construct compile\ide\debug\layouteditor.sbr
c:\users\traildev\documents\github\retrowork\construct compile\ide\debug\layout editor - object.sbr
c:\users\traildev\documents\github\retrowork\construct compile\ide\debug\layout editor - mouse.sbr
c:\users\traildev\documents\github\retrowork\construct compile\ide\debug\layout editor - draw.sbr
c:\users\traildev\documents\github\retrowork\construct compile\ide\debug\imageeditor.sbr
c:\users\traildev\documents\github\retrowork\construct compile\ide\debug\cexpression.sbr
c:\users\traildev\documents\github\retrowork\construct compile\ide\debug\event sheet editor.sbr
c:\users\traildev\documents\github\retrowork\construct compile\ide\debug\event sheet editor - right click.sbr
c:\users\traildev\documents\github\retrowork\construct compile\ide\debug\event sheet editor - mouse & keyboard.sbr
c:\users\traildev\documents\github\retrowork\construct compile\ide\debug\event sheet editor - lookup.sbr
c:\users\traildev\documents\github\retrowork\construct compile\ide\debug\event sheet editor - functions.sbr
c:\users\traildev\documents\github\retrowork\construct compile\ide\debug\event sheet editor - draw.sbr
c:\users\traildev\documents\github\retrowork\construct compile\ide\debug\event sheet editor - bookmarks.sbr
c:\users\traildev\documents\github\retrowork\construct compile\ide\debug\scintillawnd.obj
c:\users\traildev\documents\github\retrowork\construct compile\ide\debug\tokenizer.obj
c:\users\traildev\documents\github\retrowork\construct compile\ide\debug\canimation.obj
c:\users\traildev\documents\github\retrowork\construct compile\ide\debug\cdragobjects.obj
c:\users\traildev\documents\github\retrowork\construct compile\ide\debug\event sheet editor - actions.sbr
c:\users\traildev\documents\github\retrowork\construct compile\ide\debug\editorparam.sbr
c:\users\traildev\documents\github\retrowork\construct compile\ide\debug\editorevent.sbr
c:\users\traildev\documents\github\retrowork\construct compile\ide\debug\editorcondition.sbr
c:\users\traildev\documents\github\retrowork\construct compile\ide\debug\editoraction.sbr
c:\users\traildev\documents\github\retrowork\construct compile\ide\debug\cpictureeditor.sbr
c:\users\traildev\documents\github\retrowork\construct compile\ide\debug\chronoeventeditor.sbr
c:\users\traildev\documents\github\retrowork\construct compile\ide\debug\actiontooltip.sbr
c:\users\traildev\documents\github\retrowork\construct compile\ide\debug\usedplugindlg.sbr
c:\users\traildev\documents\github\retrowork\construct compile\ide\debug\updatedlg.sbr
c:\users\traildev\documents\github\retrowork\construct compile\ide\debug\script dlg.sbr
c:\users\traildev\documents\github\retrowork\construct compile\ide\debug\pythonlibs.sbr
c:\users\traildev\documents\github\retrowork\construct compile\ide\debug\progress dlg.sbr
c:\users\traildev\documents\github\retrowork\construct compile\ide\debug\snippets dlg.sbr
c:\users\traildev\documents\github\retrowork\construct compile\ide\debug\rotate dlg.sbr
c:\users\traildev\documents\github\retrowork\construct compile\ide\debug\ace filter dlg.sbr
c:\users\traildev\documents\github\retrowork\construct compile\ide\debug\picedresizedlg.sbr
c:\users\traildev\documents\github\retrowork\construct compile\ide\debug\parametersdlg_scintilla.sbr
c:\users\traildev\documents\github\retrowork\construct compile\ide\debug\parametersdlg_parameters.sbr
c:\users\traildev\documents\github\retrowork\construct compile\ide\debug\parametersdlg_expand.sbr
c:\users\traildev\documents\github\retrowork\construct compile\ide\debug\picedresizedlg.obj
c:\users\traildev\documents\github\retrowork\construct compile\ide\debug\ace filter dlg.obj
c:\users\traildev\documents\github\retrowork\construct compile\ide\debug\rotate dlg.obj
c:\users\traildev\documents\github\retrowork\construct compile\ide\debug\snippets dlg.obj
c:\users\traildev\documents\github\retrowork\construct compile\ide\debug\progress dlg.obj
c:\users\traildev\documents\github\retrowork\construct compile\ide\debug\pythonlibs.obj
c:\users\traildev\documents\github\retrowork\construct compile\ide\debug\script dlg.obj
c:\users\traildev\documents\github\retrowork\construct compile\ide\debug\usedplugindlg.obj
c:\users\traildev\documents\github\retrowork\construct compile\ide\debug\cpictureeditor.obj
c:\users\traildev\documents\github\retrowork\construct compile\ide\debug\onfuncdlg.sbr
c:\users\traildev\documents\github\retrowork\construct compile\ide\debug\object selector dlg.sbr
c:\users\traildev\documents\github\retrowork\construct compile\ide\debug\object info dlg.sbr
c:\users\traildev\documents\github\retrowork\construct compile\ide\debug\object exchange dlg.sbr
c:\users\traildev\documents\github\retrowork\construct compile\ide\debug\newprojectdlg.sbr
c:\users\traildev\documents\github\retrowork\construct compile\ide\debug\new variable dlg.sbr
c:\users\traildev\documents\github\retrowork\construct compile\ide\debug\new transition dlg.sbr
c:\users\traildev\documents\github\retrowork\construct compile\ide\debug\new family dlg.sbr
c:\users\traildev\documents\github\retrowork\construct compile\ide\debug\new effect dlg.sbr
c:\users\traildev\documents\github\retrowork\construct compile\ide\debug\new comment dlg.sbr
c:\users\traildev\documents\github\retrowork\construct compile\ide\debug\new behavior dlg.sbr
c:\users\traildev\documents\github\retrowork\construct compile\ide\debug\new angle dlg.sbr
c:\users\traildev\documents\github\retrowork\construct compile\ide\debug\menu editor dlg.sbr
c:\users\traildev\documents\github\retrowork\construct compile\ide\debug\manage variable dlg.sbr
c:\users\traildev\documents\github\retrowork\construct compile\ide\debug\manage families dlg.sbr
c:\users\traildev\documents\github\retrowork\construct compile\ide\debug\manage attributes dlg.sbr
c:\users\traildev\documents\github\retrowork\construct compile\ide\debug\manage action points dlg.sbr
c:\users\traildev\documents\github\retrowork\construct compile\ide\debug\install settings dlg.sbr
c:\users\traildev\documents\github\retrowork\construct compile\ide\debug\insert object dlg.sbr
c:\users\traildev\documents\github\retrowork\construct compile\ide\debug\import images dlg.sbr
c:\users\traildev\documents\github\retrowork\construct compile\ide\debug\import images dlg.obj
c:\users\traildev\documents\github\retrowork\construct compile\ide\debug\install settings dlg.obj
c:\users\traildev\documents\github\retrowork\construct compile\ide\debug\manage action points dlg.obj
c:\users\traildev\documents\github\retrowork\construct compile\ide\debug\manage attributes dlg.obj
c:\users\traildev\documents\github\retrowork\construct compile\ide\debug\manage families dlg.obj
c:\users\traildev\documents\github\retrowork\construct compile\ide\debug\manage variable dlg.obj
c:\users\traildev\documents\github\retrowork\construct compile\ide\debug\menu editor dlg.obj
c:\users\traildev\documents\github\retrowork\construct compile\ide\debug\new angle dlg.obj
c:\users\traildev\documents\github\retrowork\construct compile\ide\debug\new behavior dlg.obj
c:\users\traildev\documents\github\retrowork\construct compile\ide\debug\new comment dlg.obj
c:\users\traildev\documents\github\retrowork\construct compile\ide\debug\new effect dlg.obj
c:\users\traildev\documents\github\retrowork\construct compile\ide\debug\new family dlg.obj
c:\users\traildev\documents\github\retrowork\construct compile\ide\debug\new transition dlg.obj
c:\users\traildev\documents\github\retrowork\construct compile\ide\debug\new variable dlg.obj
c:\users\traildev\documents\github\retrowork\construct compile\ide\debug\newprojectdlg.obj
c:\users\traildev\documents\github\retrowork\construct compile\ide\debug\object exchange dlg.obj
c:\users\traildev\documents\github\retrowork\construct compile\ide\debug\object info dlg.obj
c:\users\traildev\documents\github\retrowork\construct compile\ide\debug\object selector dlg.obj
c:\users\traildev\documents\github\retrowork\construct compile\ide\debug\onfuncdlg.obj
c:\users\traildev\documents\github\retrowork\construct compile\ide\debug\image editor dlg.sbr
c:\users\traildev\documents\github\retrowork\construct compile\ide\debug\first start dlg.sbr
c:\users\traildev\documents\github\retrowork\construct compile\ide\debug\find replace dlg.sbr
c:\users\traildev\documents\github\retrowork\construct compile\ide\debug\remove family variable dlg.sbr
c:\users\traildev\documents\github\retrowork\construct compile\ide\debug\fm - private variables.sbr
c:\users\traildev\documents\github\retrowork\construct compile\ide\debug\fm - effects.sbr
c:\users\traildev\documents\github\retrowork\construct compile\ide\debug\fm - behaviors.sbr
c:\users\traildev\documents\github\retrowork\construct compile\ide\debug\family manager dlg.sbr
c:\users\traildev\documents\github\retrowork\construct compile\ide\debug\export wizard dlg.sbr
c:\users\traildev\documents\github\retrowork\construct compile\ide\debug\iconedit.sbr
c:\users\traildev\documents\github\retrowork\construct compile\ide\debug\event wizard dlg.sbr
c:\users\traildev\documents\github\retrowork\construct compile\ide\debug\event wizard - steps.sbr
c:\users\traildev\documents\github\retrowork\construct compile\ide\debug\event wizard - filter.sbr
c:\users\traildev\documents\github\retrowork\construct compile\ide\debug\error dlg.sbr
c:\users\traildev\documents\github\retrowork\construct compile\ide\debug\edit grid dlg.sbr
c:\users\traildev\documents\github\retrowork\construct compile\ide\debug\edit event group dlg.sbr
c:\users\traildev\documents\github\retrowork\construct compile\ide\debug\controls dlg.sbr
c:\users\traildev\documents\github\retrowork\construct compile\ide\debug\addfamilyvarsdlg.sbr
c:\users\traildev\documents\github\retrowork\construct compile\ide\debug\about dlg.sbr
c:\users\traildev\documents\github\retrowork\construct compile\ide\debug\construct.sbr
c:\users\traildev\documents\github\retrowork\construct compile\ide\debug\about dlg.obj
c:\users\traildev\documents\github\retrowork\construct compile\ide\debug\addfamilyvarsdlg.obj
c:\users\traildev\documents\github\retrowork\construct compile\ide\debug\controls dlg.obj
c:\users\traildev\documents\github\retrowork\construct compile\ide\debug\edit event group dlg.obj
c:\users\traildev\documents\github\retrowork\construct compile\ide\debug\edit grid dlg.obj
c:\users\traildev\documents\github\retrowork\construct compile\ide\debug\error dlg.obj
c:\users\traildev\documents\github\retrowork\construct compile\ide\debug\event wizard - filter.obj
c:\users\traildev\documents\github\retrowork\construct compile\ide\debug\iconedit.obj
c:\users\traildev\documents\github\retrowork\construct compile\ide\debug\export wizard dlg.obj
c:\users\traildev\documents\github\retrowork\construct compile\ide\debug\family manager dlg.obj
c:\users\traildev\documents\github\retrowork\construct compile\ide\debug\fm - behaviors.obj
c:\users\traildev\documents\github\retrowork\construct compile\ide\debug\fm - effects.obj
c:\users\traildev\documents\github\retrowork\construct compile\ide\debug\fm - private variables.obj
c:\users\traildev\documents\github\retrowork\construct compile\ide\debug\remove family variable dlg.obj
c:\users\traildev\documents\github\retrowork\construct compile\ide\debug\first start dlg.obj
c:\users\traildev\documents\github\retrowork\construct compile\ide\debug\construct doc.sbr
c:\users\traildev\documents\github\retrowork\construct compile\ide\debug\childframe.sbr
c:\users\traildev\documents\github\retrowork\construct compile\ide\debug\propertyitems.sbr
c:\users\traildev\documents\github\retrowork\construct compile\ide\debug\propertychanges.sbr
c:\users\traildev\documents\github\retrowork\construct compile\ide\debug\propertiesbar.sbr
c:\users\traildev\documents\github\retrowork\construct compile\ide\debug\propbar.sbr
c:\users\traildev\documents\github\retrowork\construct compile\ide\debug\projectbar.sbr
c:\users\traildev\documents\github\retrowork\construct compile\ide\debug\object bar.sbr
c:\users\traildev\documents\github\retrowork\construct compile\ide\debug\layerlistbox.sbr
c:\users\traildev\documents\github\retrowork\construct compile\ide\debug\layerdlg.sbr
c:\users\traildev\documents\github\retrowork\construct compile\ide\debug\layerbar.sbr
c:\users\traildev\documents\github\retrowork\construct compile\ide\debug\appproperties.sbr
c:\users\traildev\documents\github\retrowork\construct compile\ide\debug\animator bar.sbr
c:\users\traildev\documents\github\retrowork\construct compile\ide\debug\cdisplay.sbr
c:\users\traildev\documents\github\retrowork\construct compile\ide\debug\cdisplay.obj
c:\users\traildev\documents\github\retrowork\construct compile\ide\debug\appproperties.obj
c:\users\traildev\documents\github\retrowork\construct compile\ide\debug\layerbar.obj
c:\users\traildev\documents\github\retrowork\construct compile\ide\debug\layerlistbox.obj
c:\users\traildev\documents\github\retrowork\construct compile\ide\debug\construct doc.obj
c:\users\traildev\documents\github\retrowork\construct compile\ide\debug\objectfunctions.obj
c:\users\traildev\documents\github\retrowork\construct\ide\debugxp\construct.tlog\cl.command.1.tlog
c:\users\traildev\documents\github\retrowork\construct\ide\debugxp\construct.tlog\cl.read.1.tlog
c:\users\traildev\documents\github\retrowork\construct\ide\debugxp\construct.tlog\cl.write.1.tlog
